<?xml version="1.0" encoding="UTF-8"?><testrun name="TestRunner" project="BBDFramework" tests="6" started="6" failures="0" errors="2" ignored="1">
  <testsuite name="Runner.TestRunner" time="0.897">
    <testsuite name="Feature: Free CRM login feature" time="0.897">
      <testsuite name="Scenario: Free CRM login Test Scenario" time="0.886" incomplete="true">
        <error>org.openqa.selenium.WebDriverException: unknown error: Element &lt;input type="submit" value="Login" class="btn btn-small"&gt; is not clickable at point (918, 116). Other element would receive the click: &lt;div id="preloader" style="opacity: 0.0186778;"&gt;...&lt;/div&gt;
  (Session info: chrome=66.0.3359.139)
  (Driver info: chromedriver=2.36.540470 (e522d04694c7ebea4ba8821272dbef4f9b818c91),platform=Windows NT 10.0.16299 x86_64) (WARNING: The server did not provide any stacktrace information)
Command duration or timeout: 0 milliseconds
Build info: version: '3.5.3', revision: 'a88d25fe6b', time: '2017-08-29T12:42:44.417Z'
System info: host: 'SHREYA', ip: '192.168.204.1', os.name: 'Windows 10', os.arch: 'amd64', os.version: '10.0', java.version: '1.8.0_111'
Driver info: org.openqa.selenium.chrome.ChromeDriver
Capabilities [{mobileEmulationEnabled=false, hasTouchScreen=false, platform=XP, acceptSslCerts=false, acceptInsecureCerts=false, webStorageEnabled=true, browserName=chrome, takesScreenshot=true, javascriptEnabled=true, platformName=XP, setWindowRect=true, unexpectedAlertBehaviour=, applicationCacheEnabled=false, rotatable=false, networkConnectionEnabled=false, chrome={chromedriverVersion=2.36.540470 (e522d04694c7ebea4ba8821272dbef4f9b818c91), userDataDir=C:\Users\shreya\AppData\Local\Temp\scoped_dir12712_9824}, takesHeapSnapshot=true, pageLoadStrategy=normal, unhandledPromptBehavior=, databaseEnabled=false, handlesAlerts=true, version=66.0.3359.139, browserConnectionEnabled=false, nativeEvents=true, locationContextEnabled=true, cssSelectorsEnabled=true}]
Session ID: 57d3602290c907d66b4bd9cfdd6cc476&#13;
	at sun.reflect.NativeConstructorAccessorImpl.newInstance0(Native Method)&#13;
	at sun.reflect.NativeConstructorAccessorImpl.newInstance(Unknown Source)&#13;
	at sun.reflect.DelegatingConstructorAccessorImpl.newInstance(Unknown Source)&#13;
	at java.lang.reflect.Constructor.newInstance(Unknown Source)&#13;
	at org.openqa.selenium.remote.ErrorHandler.createThrowable(ErrorHandler.java:215)&#13;
	at org.openqa.selenium.remote.ErrorHandler.throwIfResponseFailed(ErrorHandler.java:167)&#13;
	at org.openqa.selenium.remote.http.JsonHttpResponseCodec.reconstructValue(JsonHttpResponseCodec.java:40)&#13;
	at org.openqa.selenium.remote.http.AbstractHttpResponseCodec.decode(AbstractHttpResponseCodec.java:82)&#13;
	at org.openqa.selenium.remote.http.AbstractHttpResponseCodec.decode(AbstractHttpResponseCodec.java:45)&#13;
	at org.openqa.selenium.remote.HttpCommandExecutor.execute(HttpCommandExecutor.java:164)&#13;
	at org.openqa.selenium.remote.service.DriverCommandExecutor.execute(DriverCommandExecutor.java:82)&#13;
	at org.openqa.selenium.remote.RemoteWebDriver.execute(RemoteWebDriver.java:646)&#13;
	at org.openqa.selenium.remote.RemoteWebElement.execute(RemoteWebElement.java:275)&#13;
	at org.openqa.selenium.remote.RemoteWebElement.click(RemoteWebElement.java:82)&#13;
	at DefinationBDD.TestBDD.user_click_on_login_button(TestBDD.java:42)&#13;
	at ✽.Then user click on login button(login.feature:9)&#13;
&#13;
</error>
        <testcase name="Given FreeCRM url is available" classname="Scenario: Free CRM login Test Scenario" time="0.025"/>
        <testcase name="When title is login page is freeCRM" classname="Scenario: Free CRM login Test Scenario" time="0.55"/>
        <testcase name="Then User enter user name" classname="Scenario: Free CRM login Test Scenario" time="0.165"/>
        <testcase name="And user enter password7" classname="Scenario: Free CRM login Test Scenario" time="0.14"/>
        <testcase name="Then user click on login button" classname="Scenario: Free CRM login Test Scenario" time="0.006">
          <error>org.openqa.selenium.WebDriverException: unknown error: Element &lt;input type="submit" value="Login" class="btn btn-small"&gt; is not clickable at point (918, 116). Other element would receive the click: &lt;div id="preloader" style="opacity: 0.0186778;"&gt;...&lt;/div&gt;
  (Session info: chrome=66.0.3359.139)
  (Driver info: chromedriver=2.36.540470 (e522d04694c7ebea4ba8821272dbef4f9b818c91),platform=Windows NT 10.0.16299 x86_64) (WARNING: The server did not provide any stacktrace information)
Command duration or timeout: 0 milliseconds
Build info: version: '3.5.3', revision: 'a88d25fe6b', time: '2017-08-29T12:42:44.417Z'
System info: host: 'SHREYA', ip: '192.168.204.1', os.name: 'Windows 10', os.arch: 'amd64', os.version: '10.0', java.version: '1.8.0_111'
Driver info: org.openqa.selenium.chrome.ChromeDriver
Capabilities [{mobileEmulationEnabled=false, hasTouchScreen=false, platform=XP, acceptSslCerts=false, acceptInsecureCerts=false, webStorageEnabled=true, browserName=chrome, takesScreenshot=true, javascriptEnabled=true, platformName=XP, setWindowRect=true, unexpectedAlertBehaviour=, applicationCacheEnabled=false, rotatable=false, networkConnectionEnabled=false, chrome={chromedriverVersion=2.36.540470 (e522d04694c7ebea4ba8821272dbef4f9b818c91), userDataDir=C:\Users\shreya\AppData\Local\Temp\scoped_dir12712_9824}, takesHeapSnapshot=true, pageLoadStrategy=normal, unhandledPromptBehavior=, databaseEnabled=false, handlesAlerts=true, version=66.0.3359.139, browserConnectionEnabled=false, nativeEvents=true, locationContextEnabled=true, cssSelectorsEnabled=true}]
Session ID: 57d3602290c907d66b4bd9cfdd6cc476&#13;
	at sun.reflect.NativeConstructorAccessorImpl.newInstance0(Native Method)&#13;
	at sun.reflect.NativeConstructorAccessorImpl.newInstance(Unknown Source)&#13;
	at sun.reflect.DelegatingConstructorAccessorImpl.newInstance(Unknown Source)&#13;
	at java.lang.reflect.Constructor.newInstance(Unknown Source)&#13;
	at org.openqa.selenium.remote.ErrorHandler.createThrowable(ErrorHandler.java:215)&#13;
	at org.openqa.selenium.remote.ErrorHandler.throwIfResponseFailed(ErrorHandler.java:167)&#13;
	at org.openqa.selenium.remote.http.JsonHttpResponseCodec.reconstructValue(JsonHttpResponseCodec.java:40)&#13;
	at org.openqa.selenium.remote.http.AbstractHttpResponseCodec.decode(AbstractHttpResponseCodec.java:82)&#13;
	at org.openqa.selenium.remote.http.AbstractHttpResponseCodec.decode(AbstractHttpResponseCodec.java:45)&#13;
	at org.openqa.selenium.remote.HttpCommandExecutor.execute(HttpCommandExecutor.java:164)&#13;
	at org.openqa.selenium.remote.service.DriverCommandExecutor.execute(DriverCommandExecutor.java:82)&#13;
	at org.openqa.selenium.remote.RemoteWebDriver.execute(RemoteWebDriver.java:646)&#13;
	at org.openqa.selenium.remote.RemoteWebElement.execute(RemoteWebElement.java:275)&#13;
	at org.openqa.selenium.remote.RemoteWebElement.click(RemoteWebElement.java:82)&#13;
	at DefinationBDD.TestBDD.user_click_on_login_button(TestBDD.java:42)&#13;
	at ✽.Then user click on login button(login.feature:9)&#13;
&#13;
</error>
        </testcase>
        <testcase name="And user is navegate to account home page" classname="Scenario: Free CRM login Test Scenario" time="0.005" ignored="true"/>
      </testsuite>
    </testsuite>
  </testsuite>
</testrun>
